[0.052s] Invoking command in '/home/biblbrox/Tesis/robot_controller/src/c/build/nodegraph': CMAKE_PREFIX_PATH=/opt/ros/humble /usr/bin/cmake --build /home/biblbrox/Tesis/robot_controller/src/c/build/nodegraph -- -j16 -l16
[0.061s] /usr/bin/cmake -S/home/biblbrox/Tesis/robot_controller/src/c -B/home/biblbrox/Tesis/robot_controller/src/c/build/nodegraph --check-build-system CMakeFiles/Makefile.cmake 0
[0.072s] /usr/bin/cmake -E cmake_progress_start /home/biblbrox/Tesis/robot_controller/src/c/build/nodegraph/CMakeFiles /home/biblbrox/Tesis/robot_controller/src/c/build/nodegraph//CMakeFiles/progress.marks
[0.077s] /usr/bin/gmake  -f CMakeFiles/Makefile2 all
[0.078s] gmake[1]: Entering directory '/home/biblbrox/Tesis/robot_controller/src/c/build/nodegraph'
[0.078s] /usr/bin/gmake  -f CMakeFiles/nodegraph.dir/build.make CMakeFiles/nodegraph.dir/depend
[0.080s] gmake[2]: Entering directory '/home/biblbrox/Tesis/robot_controller/src/c/build/nodegraph'
[0.081s] cd /home/biblbrox/Tesis/robot_controller/src/c/build/nodegraph && /usr/bin/cmake -E cmake_depends "Unix Makefiles" /home/biblbrox/Tesis/robot_controller/src/c /home/biblbrox/Tesis/robot_controller/src/c /home/biblbrox/Tesis/robot_controller/src/c/build/nodegraph /home/biblbrox/Tesis/robot_controller/src/c/build/nodegraph /home/biblbrox/Tesis/robot_controller/src/c/build/nodegraph/CMakeFiles/nodegraph.dir/DependInfo.cmake "--color="
[0.086s] gmake[2]: Leaving directory '/home/biblbrox/Tesis/robot_controller/src/c/build/nodegraph'
[0.086s] /usr/bin/gmake  -f CMakeFiles/nodegraph.dir/build.make CMakeFiles/nodegraph.dir/build
[0.090s] gmake[2]: Entering directory '/home/biblbrox/Tesis/robot_controller/src/c/build/nodegraph'
[0.091s] gmake[2]: Nothing to be done for 'CMakeFiles/nodegraph.dir/build'.
[0.091s] gmake[2]: Leaving directory '/home/biblbrox/Tesis/robot_controller/src/c/build/nodegraph'
[0.098s] [100%] Built target nodegraph
[0.098s] gmake[1]: Leaving directory '/home/biblbrox/Tesis/robot_controller/src/c/build/nodegraph'
[0.098s] /usr/bin/cmake -E cmake_progress_start /home/biblbrox/Tesis/robot_controller/src/c/build/nodegraph/CMakeFiles 0
[0.104s] Invoked command in '/home/biblbrox/Tesis/robot_controller/src/c/build/nodegraph' returned '0': CMAKE_PREFIX_PATH=/opt/ros/humble /usr/bin/cmake --build /home/biblbrox/Tesis/robot_controller/src/c/build/nodegraph -- -j16 -l16
[0.131s] Invoking command in '/home/biblbrox/Tesis/robot_controller/src/c/build/nodegraph': CMAKE_PREFIX_PATH=/opt/ros/humble /usr/bin/cmake --install /home/biblbrox/Tesis/robot_controller/src/c/build/nodegraph
[0.135s] -- Install configuration: "Release"
[0.136s] -- Up-to-date: /home/biblbrox/Tesis/robot_controller/src/c/install/nodegraph/share/nodegraph/environment/library_path.sh
[0.136s] -- Up-to-date: /home/biblbrox/Tesis/robot_controller/src/c/install/nodegraph/share/nodegraph/environment/library_path.dsv
[0.136s] -- Installing: /home/biblbrox/Tesis/robot_controller/src/c/lib/nodegraph/libnodegraph.so
[0.136s] -- Set runtime path of "/home/biblbrox/Tesis/robot_controller/src/c/lib/nodegraph/libnodegraph.so" to ""
[0.137s] Invoked command in '/home/biblbrox/Tesis/robot_controller/src/c/build/nodegraph' returned '0': CMAKE_PREFIX_PATH=/opt/ros/humble /usr/bin/cmake --install /home/biblbrox/Tesis/robot_controller/src/c/build/nodegraph
