[01m[K/home/biblbrox/Tesis/robot_controller/src/c/src/discovery_domain_listener.cpp:[m[K In member function ‘[01m[Kvirtual void DiscoveryDomainParticipantListener::on_publisher_discovery(eprosima::fastdds::dds::DomainParticipant*, eprosima::fastrtps::rtps::WriterDiscoveryInfo&&)[m[K’:
[01m[K/home/biblbrox/Tesis/robot_controller/src/c/src/discovery_domain_listener.cpp:125:55:[m[K [01;31m[Kerror: [m[Kjump to case label
  125 |   case eprosima::fastrtps::rtps::WriterDiscoveryInfo::[01;31m[KCHANGED_QOS_WRITER[m[K:
      |                                                       [01;31m[K^~~~~~~~~~~~~~~~~~[m[K
[01m[K/home/biblbrox/Tesis/robot_controller/src/c/src/discovery_domain_listener.cpp:106:19:[m[K [01;36m[Knote: [m[K  crosses initialization of ‘[01m[Kstd::string node_name[m[K’
  106 |       std::string [01;36m[Knode_name[m[K = "";
      |                   [01;36m[K^~~~~~~~~[m[K
[01m[K/home/biblbrox/Tesis/robot_controller/src/c/src/discovery_domain_listener.cpp:128:55:[m[K [01;31m[Kerror: [m[Kjump to case label
  128 |   case eprosima::fastrtps::rtps::WriterDiscoveryInfo::[01;31m[KREMOVED_WRITER[m[K:
      |                                                       [01;31m[K^~~~~~~~~~~~~~[m[K
[01m[K/home/biblbrox/Tesis/robot_controller/src/c/src/discovery_domain_listener.cpp:106:19:[m[K [01;36m[Knote: [m[K  crosses initialization of ‘[01m[Kstd::string node_name[m[K’
  106 |       std::string [01;36m[Knode_name[m[K = "";
      |                   [01;36m[K^~~~~~~~~[m[K
[01m[K/home/biblbrox/Tesis/robot_controller/src/c/src/discovery_domain_listener.cpp:102:10:[m[K [01;35m[Kwarning: [m[Kenumeration value ‘[01m[KCHANGED_QOS_WRITER[m[K’ not handled in switch [[01;35m[K]8;;https://gcc.gnu.org/onlinedocs/gcc/Warning-Options.html#index-Wswitch-Wswitch]8;;[m[K]
  102 |   switch [01;35m[K([m[Kinfo.status) {
      |          [01;35m[K^[m[K
[01m[K/home/biblbrox/Tesis/robot_controller/src/c/src/discovery_domain_listener.cpp:102:10:[m[K [01;35m[Kwarning: [m[Kenumeration value ‘[01m[KREMOVED_WRITER[m[K’ not handled in switch [[01;35m[K]8;;https://gcc.gnu.org/onlinedocs/gcc/Warning-Options.html#index-Wswitch-Wswitch]8;;[m[K]
gmake[2]: *** [CMakeFiles/nodegraph.dir/build.make:79: CMakeFiles/nodegraph.dir/src/discovery_domain_listener.cpp.o] Error 1
gmake[1]: *** [CMakeFiles/Makefile2:140: CMakeFiles/nodegraph.dir/all] Error 2
gmake: *** [Makefile:149: all] Error 2
