[0.008s] Invoking command in '/home/biblbrox/Tesis/robot_controller/src/c/build/nodegraph': CMAKE_PREFIX_PATH=/opt/ros/humble /usr/bin/cmake --build /home/biblbrox/Tesis/robot_controller/src/c/build/nodegraph -- -j16 -l16
[0.016s] /usr/bin/cmake -S/home/biblbrox/Tesis/robot_controller/src/c -B/home/biblbrox/Tesis/robot_controller/src/c/build/nodegraph --check-build-system CMakeFiles/Makefile.cmake 0
[0.024s] /usr/bin/cmake -E cmake_progress_start /home/biblbrox/Tesis/robot_controller/src/c/build/nodegraph/CMakeFiles /home/biblbrox/Tesis/robot_controller/src/c/build/nodegraph//CMakeFiles/progress.marks
[0.029s] /usr/bin/gmake  -f CMakeFiles/Makefile2 all
[0.029s] gmake[1]: Entering directory '/home/biblbrox/Tesis/robot_controller/src/c/build/nodegraph'
[0.030s] /usr/bin/gmake  -f CMakeFiles/nodegraph.dir/build.make CMakeFiles/nodegraph.dir/depend
[0.032s] gmake[2]: Entering directory '/home/biblbrox/Tesis/robot_controller/src/c/build/nodegraph'
[0.032s] cd /home/biblbrox/Tesis/robot_controller/src/c/build/nodegraph && /usr/bin/cmake -E cmake_depends "Unix Makefiles" /home/biblbrox/Tesis/robot_controller/src/c /home/biblbrox/Tesis/robot_controller/src/c /home/biblbrox/Tesis/robot_controller/src/c/build/nodegraph /home/biblbrox/Tesis/robot_controller/src/c/build/nodegraph /home/biblbrox/Tesis/robot_controller/src/c/build/nodegraph/CMakeFiles/nodegraph.dir/DependInfo.cmake --color=
[0.038s] [35m[1mConsolidate compiler generated dependencies of target nodegraph[0m
[0.044s] gmake[2]: Leaving directory '/home/biblbrox/Tesis/robot_controller/src/c/build/nodegraph'
[0.044s] /usr/bin/gmake  -f CMakeFiles/nodegraph.dir/build.make CMakeFiles/nodegraph.dir/build
[0.048s] gmake[2]: Entering directory '/home/biblbrox/Tesis/robot_controller/src/c/build/nodegraph'
[0.054s] [ 25%] [32mBuilding CXX object CMakeFiles/nodegraph.dir/src/discovery_domain_listener.cpp.o[0m
[0.054s] /usr/bin/c++ -DDEFAULT_RMW_IMPLEMENTATION=rmw_fastrtps_cpp -DFOONATHAN_MEMORY=1 -DFOONATHAN_MEMORY_VERSION_MAJOR=0 -DFOONATHAN_MEMORY_VERSION_MINOR=7 -DFOONATHAN_MEMORY_VERSION_PATCH=1 -DRCUTILS_ENABLE_FAULT_INJECTION -Dnodegraph_EXPORTS -I/opt/ros/humble/include -isystem /opt/ros/humble/include/fastrtps -isystem /opt/ros/humble/include/rclcpp -isystem /opt/ros/humble/include/sensor_msgs -isystem /opt/ros/humble/include/fastcdr -isystem /opt/ros/humble/include/foonathan_memory -isystem /opt/ros/humble/include/ament_index_cpp -isystem /opt/ros/humble/include/libstatistics_collector -isystem /opt/ros/humble/include/builtin_interfaces -isystem /opt/ros/humble/include/rosidl_runtime_c -isystem /opt/ros/humble/include/rcutils -isystem /opt/ros/humble/include/rosidl_typesupport_interface -isystem /opt/ros/humble/include/rosidl_runtime_cpp -isystem /opt/ros/humble/include/rosidl_typesupport_fastrtps_cpp -isystem /opt/ros/humble/include/rmw -isystem /opt/ros/humble/include/rosidl_typesupport_fastrtps_c -isystem /opt/ros/humble/include/rosidl_typesupport_introspection_c -isystem /opt/ros/humble/include/rosidl_typesupport_introspection_cpp -isystem /opt/ros/humble/include/rcl -isystem /opt/ros/humble/include/rcl_interfaces -isystem /opt/ros/humble/include/rcl_logging_interface -isystem /opt/ros/humble/include/rcl_yaml_param_parser -isystem /opt/ros/humble/include/libyaml_vendor -isystem /opt/ros/humble/include/tracetools -isystem /opt/ros/humble/include/rcpputils -isystem /opt/ros/humble/include/statistics_msgs -isystem /opt/ros/humble/include/rosgraph_msgs -isystem /opt/ros/humble/include/rosidl_typesupport_cpp -isystem /opt/ros/humble/include/rosidl_typesupport_c -isystem /opt/ros/humble/include/geometry_msgs -isystem /opt/ros/humble/include/std_msgs -fPIC -Wall -Wextra -Wpedantic -MD -MT CMakeFiles/nodegraph.dir/src/discovery_domain_listener.cpp.o -MF CMakeFiles/nodegraph.dir/src/discovery_domain_listener.cpp.o.d -o CMakeFiles/nodegraph.dir/src/discovery_domain_listener.cpp.o -c /home/biblbrox/Tesis/robot_controller/src/c/src/discovery_domain_listener.cpp
[1.392s] [01m[K/home/biblbrox/Tesis/robot_controller/src/c/src/discovery_domain_listener.cpp:[m[K In member function ‘[01m[Kvirtual void DiscoveryDomainParticipantListener::on_publisher_discovery(eprosima::fastdds::dds::DomainParticipant*, eprosima::fastrtps::rtps::WriterDiscoveryInfo&&)[m[K’:
[1.393s] [01m[K/home/biblbrox/Tesis/robot_controller/src/c/src/discovery_domain_listener.cpp:125:55:[m[K [01;31m[Kerror: [m[Kjump to case label
[1.393s]   125 |   case eprosima::fastrtps::rtps::WriterDiscoveryInfo::[01;31m[KCHANGED_QOS_WRITER[m[K:
[1.393s]       |                                                       [01;31m[K^~~~~~~~~~~~~~~~~~[m[K
[1.393s] [01m[K/home/biblbrox/Tesis/robot_controller/src/c/src/discovery_domain_listener.cpp:106:19:[m[K [01;36m[Knote: [m[K  crosses initialization of ‘[01m[Kstd::string node_name[m[K’
[1.393s]   106 |       std::string [01;36m[Knode_name[m[K = "";
[1.393s]       |                   [01;36m[K^~~~~~~~~[m[K
[1.393s] [01m[K/home/biblbrox/Tesis/robot_controller/src/c/src/discovery_domain_listener.cpp:128:55:[m[K [01;31m[Kerror: [m[Kjump to case label
[1.393s]   128 |   case eprosima::fastrtps::rtps::WriterDiscoveryInfo::[01;31m[KREMOVED_WRITER[m[K:
[1.393s]       |                                                       [01;31m[K^~~~~~~~~~~~~~[m[K
[1.393s] [01m[K/home/biblbrox/Tesis/robot_controller/src/c/src/discovery_domain_listener.cpp:106:19:[m[K [01;36m[Knote: [m[K  crosses initialization of ‘[01m[Kstd::string node_name[m[K’
[1.393s]   106 |       std::string [01;36m[Knode_name[m[K = "";
[1.393s]       |                   [01;36m[K^~~~~~~~~[m[K
[1.393s] [01m[K/home/biblbrox/Tesis/robot_controller/src/c/src/discovery_domain_listener.cpp:102:10:[m[K [01;35m[Kwarning: [m[Kenumeration value ‘[01m[KCHANGED_QOS_WRITER[m[K’ not handled in switch [[01;35m[K]8;;https://gcc.gnu.org/onlinedocs/gcc/Warning-Options.html#index-Wswitch-Wswitch]8;;[m[K]
[1.393s]   102 |   switch [01;35m[K([m[Kinfo.status) {
[1.393s]       |          [01;35m[K^[m[K
[1.393s] [01m[K/home/biblbrox/Tesis/robot_controller/src/c/src/discovery_domain_listener.cpp:102:10:[m[K [01;35m[Kwarning: [m[Kenumeration value ‘[01m[KREMOVED_WRITER[m[K’ not handled in switch [[01;35m[K]8;;https://gcc.gnu.org/onlinedocs/gcc/Warning-Options.html#index-Wswitch-Wswitch]8;;[m[K]
[2.116s] gmake[2]: Leaving directory '/home/biblbrox/Tesis/robot_controller/src/c/build/nodegraph'
[2.116s] gmake[1]: Leaving directory '/home/biblbrox/Tesis/robot_controller/src/c/build/nodegraph'
[2.116s] gmake[2]: *** [CMakeFiles/nodegraph.dir/build.make:79: CMakeFiles/nodegraph.dir/src/discovery_domain_listener.cpp.o] Error 1
[2.116s] gmake[1]: *** [CMakeFiles/Makefile2:140: CMakeFiles/nodegraph.dir/all] Error 2
[2.116s] gmake: *** [Makefile:149: all] Error 2
[2.118s] Invoked command in '/home/biblbrox/Tesis/robot_controller/src/c/build/nodegraph' returned '2': CMAKE_PREFIX_PATH=/opt/ros/humble /usr/bin/cmake --build /home/biblbrox/Tesis/robot_controller/src/c/build/nodegraph -- -j16 -l16
