[0.992s] DEBUG:colcon:Command line arguments: ['/usr/bin/colcon', 'build', '--cmake-args', '-DCMAKE_BUILD_TYPE=Release']
[0.992s] DEBUG:colcon:Parsed command line arguments: Namespace(log_base=None, log_level=None, verb_name='build', build_base='build', install_base='install', merge_install=False, symlink_install=False, test_result_base=None, continue_on_error=False, executor='parallel', parallel_workers=16, event_handlers=None, ignore_user_meta=False, metas=['./colcon.meta'], base_paths=['.'], packages_ignore=None, packages_ignore_regex=None, paths=None, packages_up_to=None, packages_up_to_regex=None, packages_above=None, packages_above_and_dependencies=None, packages_above_depth=None, packages_select_by_dep=None, packages_skip_by_dep=None, packages_skip_up_to=None, packages_select_build_failed=False, packages_skip_build_finished=False, packages_select_test_failures=False, packages_skip_test_passed=False, packages_select=None, packages_skip=None, packages_select_regex=None, packages_skip_regex=None, packages_start=None, packages_end=None, allow_overriding=[], lookup_in_workspace=False, cargo_args=None, clean_build=False, cmake_args=['-DCMAKE_BUILD_TYPE=Release'], cmake_target=None, cmake_target_skip_unavailable=False, cmake_clean_cache=False, cmake_clean_first=False, cmake_force_configure=False, ament_cmake_args=None, catkin_cmake_args=None, catkin_skip_building_tests=False, verb_parser=<colcon_defaults.argument_parser.defaults.DefaultArgumentsDecorator object at 0x7fcc6615cd30>, verb_extension=<colcon_core.verb.build.BuildVerb object at 0x7fcc6615e170>, main=<bound method BuildVerb.main of <colcon_core.verb.build.BuildVerb object at 0x7fcc6615e170>>)
[1.041s] Level 1:colcon.colcon_core.package_discovery:discover_packages(colcon_meta) check parameters
[1.042s] Level 1:colcon.colcon_core.package_discovery:discover_packages(recursive) check parameters
[1.042s] Level 1:colcon.colcon_core.package_discovery:discover_packages(ignore) check parameters
[1.042s] Level 1:colcon.colcon_core.package_discovery:discover_packages(path) check parameters
[1.042s] Level 1:colcon.colcon_core.package_discovery:discover_packages(colcon_meta) discover
[1.042s] Level 1:colcon.colcon_core.package_discovery:discover_packages(recursive) discover
[1.042s] INFO:colcon.colcon_core.package_discovery:Crawling recursively for packages in '/home/biblbrox/Tesis/robot_controller/src/c'
[1.042s] Level 1:colcon.colcon_core.package_identification:_identify(.) by extensions ['ignore', 'ignore_ament_install']
[1.042s] Level 1:colcon.colcon_core.package_identification:_identify(.) by extension 'ignore'
[1.042s] Level 1:colcon.colcon_core.package_identification:_identify(.) by extension 'ignore_ament_install'
[1.042s] Level 1:colcon.colcon_core.package_identification:_identify(.) by extensions ['colcon_pkg']
[1.042s] Level 1:colcon.colcon_core.package_identification:_identify(.) by extension 'colcon_pkg'
[1.042s] Level 1:colcon.colcon_core.package_identification:_identify(.) by extensions ['colcon_meta']
[1.042s] Level 1:colcon.colcon_core.package_identification:_identify(.) by extension 'colcon_meta'
[1.042s] Level 1:colcon.colcon_core.package_identification:_identify(.) by extensions ['ament_cargo']
[1.042s] Level 1:colcon.colcon_core.package_identification:_identify(.) by extension 'ament_cargo'
[1.042s] Level 1:colcon.colcon_core.package_identification:_identify(.) by extensions ['ros']
[1.042s] Level 1:colcon.colcon_core.package_identification:_identify(.) by extension 'ros'
[1.053s] DEBUG:colcon.colcon_core.package_identification:Package '.' with type 'ros.ament_cmake' and name 'nodegraph'
[1.053s] Level 1:colcon.colcon_core.package_discovery:discover_packages(recursive) using defaults
[1.053s] Level 1:colcon.colcon_core.package_discovery:discover_packages(ignore) discover
[1.053s] Level 1:colcon.colcon_core.package_discovery:discover_packages(ignore) using defaults
[1.053s] Level 1:colcon.colcon_core.package_discovery:discover_packages(path) discover
[1.053s] Level 1:colcon.colcon_core.package_discovery:discover_packages(path) using defaults
[1.140s] Level 1:colcon.colcon_core.package_discovery:discover_packages(prefix_path) check parameters
[1.140s] Level 1:colcon.colcon_core.package_discovery:discover_packages(prefix_path) discover
[1.171s] DEBUG:colcon.colcon_installed_package_information.package_discovery:Found 349 installed packages in /opt/ros/humble
[1.172s] Level 1:colcon.colcon_core.package_discovery:discover_packages(prefix_path) using defaults
[1.251s] Level 5:colcon.colcon_core.verb:set package 'nodegraph' build argument 'lookup_in_workspace' from command line to 'False'
[1.251s] Level 5:colcon.colcon_core.verb:set package 'nodegraph' build argument 'cargo_args' from command line to 'None'
[1.251s] Level 5:colcon.colcon_core.verb:set package 'nodegraph' build argument 'clean_build' from command line to 'False'
[1.251s] Level 5:colcon.colcon_core.verb:set package 'nodegraph' build argument 'cmake_args' from command line to '['-DCMAKE_BUILD_TYPE=Release']'
[1.251s] Level 5:colcon.colcon_core.verb:set package 'nodegraph' build argument 'cmake_target' from command line to 'None'
[1.251s] Level 5:colcon.colcon_core.verb:set package 'nodegraph' build argument 'cmake_target_skip_unavailable' from command line to 'False'
[1.251s] Level 5:colcon.colcon_core.verb:set package 'nodegraph' build argument 'cmake_clean_cache' from command line to 'False'
[1.251s] Level 5:colcon.colcon_core.verb:set package 'nodegraph' build argument 'cmake_clean_first' from command line to 'False'
[1.251s] Level 5:colcon.colcon_core.verb:set package 'nodegraph' build argument 'cmake_force_configure' from command line to 'False'
[1.251s] Level 5:colcon.colcon_core.verb:set package 'nodegraph' build argument 'ament_cmake_args' from command line to 'None'
[1.251s] Level 5:colcon.colcon_core.verb:set package 'nodegraph' build argument 'catkin_cmake_args' from command line to 'None'
[1.251s] Level 5:colcon.colcon_core.verb:set package 'nodegraph' build argument 'catkin_skip_building_tests' from command line to 'False'
[1.251s] DEBUG:colcon.colcon_core.verb:Building package 'nodegraph' with the following arguments: {'ament_cmake_args': None, 'build_base': '/home/biblbrox/Tesis/robot_controller/src/c/build/nodegraph', 'cargo_args': None, 'catkin_cmake_args': None, 'catkin_skip_building_tests': False, 'clean_build': False, 'cmake_args': ['-DCMAKE_BUILD_TYPE=Release'], 'cmake_clean_cache': False, 'cmake_clean_first': False, 'cmake_force_configure': False, 'cmake_target': None, 'cmake_target_skip_unavailable': False, 'install_base': '/home/biblbrox/Tesis/robot_controller/src/c/install/nodegraph', 'lookup_in_workspace': False, 'merge_install': False, 'path': '/home/biblbrox/Tesis/robot_controller/src/c', 'symlink_install': False, 'test_result_base': None}
[1.265s] INFO:colcon.colcon_core.executor:Executing jobs using 'parallel' executor
[1.280s] DEBUG:colcon.colcon_parallel_executor.executor.parallel:run_until_complete
[1.281s] INFO:colcon.colcon_ros.task.ament_cmake.build:Building ROS package in '/home/biblbrox/Tesis/robot_controller/src/c' with build type 'ament_cmake'
[1.281s] INFO:colcon.colcon_cmake.task.cmake.build:Building CMake package in '/home/biblbrox/Tesis/robot_controller/src/c'
[1.298s] INFO:colcon.colcon_core.plugin_system:Skipping extension 'colcon_core.shell.bat': Not used on non-Windows systems
[1.298s] INFO:colcon.colcon_core.shell:Skip shell extension 'powershell' for command environment: Not usable outside of PowerShell
[1.298s] DEBUG:colcon.colcon_core.shell:Skip shell extension 'dsv' for command environment
[1.333s] DEBUG:colcon.colcon_core.event_handler.log_command:Invoking command in '/home/biblbrox/Tesis/robot_controller/src/c/build/nodegraph': CMAKE_PREFIX_PATH=/opt/ros/humble /usr/bin/cmake --build /home/biblbrox/Tesis/robot_controller/src/c/build/nodegraph -- -j16 -l16
[2.637s] DEBUG:colcon.colcon_core.event_handler.log_command:Invoked command in '/home/biblbrox/Tesis/robot_controller/src/c/build/nodegraph' returned '2': CMAKE_PREFIX_PATH=/opt/ros/humble /usr/bin/cmake --build /home/biblbrox/Tesis/robot_controller/src/c/build/nodegraph -- -j16 -l16
[2.671s] Level 1:colcon.colcon_core.environment:create_environment_scripts_only(nodegraph)
[2.687s] Level 1:colcon.colcon_core.environment:checking '/home/biblbrox/Tesis/robot_controller/src/c/install/nodegraph' for CMake module files
[2.688s] Level 1:colcon.colcon_core.environment:checking '/home/biblbrox/Tesis/robot_controller/src/c/install/nodegraph' for CMake config files
[2.688s] Level 1:colcon.colcon_core.environment:checking '/home/biblbrox/Tesis/robot_controller/src/c/install/nodegraph/bin'
[2.688s] Level 1:colcon.colcon_core.environment:checking '/home/biblbrox/Tesis/robot_controller/src/c/install/nodegraph/lib/pkgconfig/nodegraph.pc'
[2.688s] Level 1:colcon.colcon_core.environment:checking '/home/biblbrox/Tesis/robot_controller/src/c/install/nodegraph/lib/python3.10/site-packages'
[2.688s] Level 1:colcon.colcon_core.environment:checking '/home/biblbrox/Tesis/robot_controller/src/c/install/nodegraph/bin'
[2.702s] INFO:colcon.colcon_core.shell:Creating package script '/home/biblbrox/Tesis/robot_controller/src/c/install/nodegraph/share/nodegraph/package.ps1'
[2.703s] INFO:colcon.colcon_core.shell:Creating package descriptor '/home/biblbrox/Tesis/robot_controller/src/c/install/nodegraph/share/nodegraph/package.dsv'
[2.703s] INFO:colcon.colcon_core.shell:Creating package script '/home/biblbrox/Tesis/robot_controller/src/c/install/nodegraph/share/nodegraph/package.sh'
[2.704s] INFO:colcon.colcon_core.shell:Creating package script '/home/biblbrox/Tesis/robot_controller/src/c/install/nodegraph/share/nodegraph/package.bash'
[2.704s] INFO:colcon.colcon_core.shell:Creating package script '/home/biblbrox/Tesis/robot_controller/src/c/install/nodegraph/share/nodegraph/package.zsh'
[2.705s] Level 1:colcon.colcon_core.environment:create_file_with_runtime_dependencies(/home/biblbrox/Tesis/robot_controller/src/c/install/nodegraph/share/colcon-core/packages/nodegraph)
[2.715s] DEBUG:colcon.colcon_parallel_executor.executor.parallel:closing loop
[2.715s] DEBUG:colcon.colcon_parallel_executor.executor.parallel:loop closed
[2.715s] DEBUG:colcon.colcon_parallel_executor.executor.parallel:run_until_complete finished with '2'
[2.715s] DEBUG:colcon.colcon_core.event_reactor:joining thread
[2.733s] INFO:colcon.colcon_core.plugin_system:Skipping extension 'colcon_notification.desktop_notification.terminal_notifier': Not used on non-Darwin systems
[2.734s] INFO:colcon.colcon_core.plugin_system:Skipping extension 'colcon_notification.desktop_notification.win32': Not used on non-Windows systems
[2.734s] INFO:colcon.colcon_notification.desktop_notification:Sending desktop notification using 'notify2'
[2.744s] DEBUG:colcon.colcon_core.event_reactor:joined thread
[2.759s] INFO:colcon.colcon_core.shell:Creating prefix script '/home/biblbrox/Tesis/robot_controller/src/c/install/local_setup.ps1'
[2.760s] INFO:colcon.colcon_core.shell:Creating prefix util module '/home/biblbrox/Tesis/robot_controller/src/c/install/_local_setup_util_ps1.py'
[2.761s] INFO:colcon.colcon_core.shell:Creating prefix chain script '/home/biblbrox/Tesis/robot_controller/src/c/install/setup.ps1'
[2.776s] INFO:colcon.colcon_core.shell:Creating prefix script '/home/biblbrox/Tesis/robot_controller/src/c/install/local_setup.sh'
[2.776s] INFO:colcon.colcon_core.shell:Creating prefix util module '/home/biblbrox/Tesis/robot_controller/src/c/install/_local_setup_util_sh.py'
[2.777s] INFO:colcon.colcon_core.shell:Creating prefix chain script '/home/biblbrox/Tesis/robot_controller/src/c/install/setup.sh'
[2.792s] INFO:colcon.colcon_core.shell:Creating prefix script '/home/biblbrox/Tesis/robot_controller/src/c/install/local_setup.bash'
[2.792s] INFO:colcon.colcon_core.shell:Creating prefix chain script '/home/biblbrox/Tesis/robot_controller/src/c/install/setup.bash'
[2.809s] INFO:colcon.colcon_core.shell:Creating prefix script '/home/biblbrox/Tesis/robot_controller/src/c/install/local_setup.zsh'
[2.809s] INFO:colcon.colcon_core.shell:Creating prefix chain script '/home/biblbrox/Tesis/robot_controller/src/c/install/setup.zsh'
