[0.273s] DEBUG:colcon:Command line arguments: ['/usr/bin/colcon', 'build']
[0.273s] DEBUG:colcon:Parsed command line arguments: Namespace(log_base=None, log_level=None, verb_name='build', build_base='build', install_base='install', merge_install=False, symlink_install=False, test_result_base=None, continue_on_error=False, executor='parallel', parallel_workers=16, event_handlers=None, ignore_user_meta=False, metas=['./colcon.meta'], base_paths=['.'], packages_ignore=None, packages_ignore_regex=None, paths=None, packages_up_to=None, packages_up_to_regex=None, packages_above=None, packages_above_and_dependencies=None, packages_above_depth=None, packages_select_by_dep=None, packages_skip_by_dep=None, packages_skip_up_to=None, packages_select_build_failed=False, packages_skip_build_finished=False, packages_select_test_failures=False, packages_skip_test_passed=False, packages_select=None, packages_skip=None, packages_select_regex=None, packages_skip_regex=None, packages_start=None, packages_end=None, allow_overriding=[], lookup_in_workspace=False, cargo_args=None, clean_build=False, cmake_args=None, cmake_target=None, cmake_target_skip_unavailable=False, cmake_clean_cache=False, cmake_clean_first=False, cmake_force_configure=False, ament_cmake_args=None, catkin_cmake_args=None, catkin_skip_building_tests=False, verb_parser=<colcon_defaults.argument_parser.defaults.DefaultArgumentsDecorator object at 0x7f1dd0d91450>, verb_extension=<colcon_core.verb.build.BuildVerb object at 0x7f1dd0ec3130>, main=<bound method BuildVerb.main of <colcon_core.verb.build.BuildVerb object at 0x7f1dd0ec3130>>)
[0.293s] Level 1:colcon.colcon_core.package_discovery:discover_packages(colcon_meta) check parameters
[0.293s] Level 1:colcon.colcon_core.package_discovery:discover_packages(recursive) check parameters
[0.294s] Level 1:colcon.colcon_core.package_discovery:discover_packages(ignore) check parameters
[0.294s] Level 1:colcon.colcon_core.package_discovery:discover_packages(path) check parameters
[0.294s] Level 1:colcon.colcon_core.package_discovery:discover_packages(colcon_meta) discover
[0.294s] Level 1:colcon.colcon_core.package_discovery:discover_packages(recursive) discover
[0.294s] INFO:colcon.colcon_core.package_discovery:Crawling recursively for packages in '/home/biblbrox/Tesis/robot_controller/src/c'
[0.294s] Level 1:colcon.colcon_core.package_identification:_identify(.) by extensions ['ignore', 'ignore_ament_install']
[0.294s] Level 1:colcon.colcon_core.package_identification:_identify(.) by extension 'ignore'
[0.294s] Level 1:colcon.colcon_core.package_identification:_identify(.) by extension 'ignore_ament_install'
[0.294s] Level 1:colcon.colcon_core.package_identification:_identify(.) by extensions ['colcon_pkg']
[0.294s] Level 1:colcon.colcon_core.package_identification:_identify(.) by extension 'colcon_pkg'
[0.294s] Level 1:colcon.colcon_core.package_identification:_identify(.) by extensions ['colcon_meta']
[0.294s] Level 1:colcon.colcon_core.package_identification:_identify(.) by extension 'colcon_meta'
[0.294s] Level 1:colcon.colcon_core.package_identification:_identify(.) by extensions ['ament_cargo']
[0.294s] Level 1:colcon.colcon_core.package_identification:_identify(.) by extension 'ament_cargo'
[0.294s] Level 1:colcon.colcon_core.package_identification:_identify(.) by extensions ['ros']
[0.294s] Level 1:colcon.colcon_core.package_identification:_identify(.) by extension 'ros'
[0.305s] DEBUG:colcon.colcon_core.package_identification:Package '.' with type 'ros.ament_cmake' and name 'nodegraph'
[0.305s] Level 1:colcon.colcon_core.package_discovery:discover_packages(recursive) using defaults
[0.305s] Level 1:colcon.colcon_core.package_discovery:discover_packages(ignore) discover
[0.305s] Level 1:colcon.colcon_core.package_discovery:discover_packages(ignore) using defaults
[0.305s] Level 1:colcon.colcon_core.package_discovery:discover_packages(path) discover
[0.305s] Level 1:colcon.colcon_core.package_discovery:discover_packages(path) using defaults
[0.319s] Level 1:colcon.colcon_core.package_discovery:discover_packages(prefix_path) check parameters
[0.319s] Level 1:colcon.colcon_core.package_discovery:discover_packages(prefix_path) discover
[0.321s] DEBUG:colcon.colcon_installed_package_information.package_discovery:Found 350 installed packages in /opt/ros/humble
[0.323s] Level 1:colcon.colcon_core.package_discovery:discover_packages(prefix_path) using defaults
[0.366s] Level 5:colcon.colcon_core.verb:set package 'nodegraph' build argument 'lookup_in_workspace' from command line to 'False'
[0.366s] Level 5:colcon.colcon_core.verb:set package 'nodegraph' build argument 'cargo_args' from command line to 'None'
[0.366s] Level 5:colcon.colcon_core.verb:set package 'nodegraph' build argument 'clean_build' from command line to 'False'
[0.366s] Level 5:colcon.colcon_core.verb:set package 'nodegraph' build argument 'cmake_args' from command line to 'None'
[0.366s] Level 5:colcon.colcon_core.verb:set package 'nodegraph' build argument 'cmake_target' from command line to 'None'
[0.366s] Level 5:colcon.colcon_core.verb:set package 'nodegraph' build argument 'cmake_target_skip_unavailable' from command line to 'False'
[0.366s] Level 5:colcon.colcon_core.verb:set package 'nodegraph' build argument 'cmake_clean_cache' from command line to 'False'
[0.366s] Level 5:colcon.colcon_core.verb:set package 'nodegraph' build argument 'cmake_clean_first' from command line to 'False'
[0.366s] Level 5:colcon.colcon_core.verb:set package 'nodegraph' build argument 'cmake_force_configure' from command line to 'False'
[0.366s] Level 5:colcon.colcon_core.verb:set package 'nodegraph' build argument 'ament_cmake_args' from command line to 'None'
[0.367s] Level 5:colcon.colcon_core.verb:set package 'nodegraph' build argument 'catkin_cmake_args' from command line to 'None'
[0.367s] Level 5:colcon.colcon_core.verb:set package 'nodegraph' build argument 'catkin_skip_building_tests' from command line to 'False'
[0.367s] DEBUG:colcon.colcon_core.verb:Building package 'nodegraph' with the following arguments: {'ament_cmake_args': None, 'build_base': '/home/biblbrox/Tesis/robot_controller/src/c/build/nodegraph', 'cargo_args': None, 'catkin_cmake_args': None, 'catkin_skip_building_tests': False, 'clean_build': False, 'cmake_args': None, 'cmake_clean_cache': False, 'cmake_clean_first': False, 'cmake_force_configure': False, 'cmake_target': None, 'cmake_target_skip_unavailable': False, 'install_base': '/home/biblbrox/Tesis/robot_controller/src/c/install/nodegraph', 'lookup_in_workspace': False, 'merge_install': False, 'path': '/home/biblbrox/Tesis/robot_controller/src/c', 'symlink_install': False, 'test_result_base': None}
[0.367s] INFO:colcon.colcon_core.executor:Executing jobs using 'parallel' executor
[0.369s] DEBUG:colcon.colcon_parallel_executor.executor.parallel:run_until_complete
[0.369s] INFO:colcon.colcon_ros.task.ament_cmake.build:Building ROS package in '/home/biblbrox/Tesis/robot_controller/src/c' with build type 'ament_cmake'
[0.369s] INFO:colcon.colcon_cmake.task.cmake.build:Building CMake package in '/home/biblbrox/Tesis/robot_controller/src/c'
[0.372s] INFO:colcon.colcon_core.plugin_system:Skipping extension 'colcon_core.shell.bat': Not used on non-Windows systems
[0.372s] INFO:colcon.colcon_core.shell:Skip shell extension 'powershell' for command environment: Not usable outside of PowerShell
[0.372s] DEBUG:colcon.colcon_core.shell:Skip shell extension 'dsv' for command environment
[0.378s] DEBUG:colcon.colcon_core.event_handler.log_command:Invoking command in '/home/biblbrox/Tesis/robot_controller/src/c/build/nodegraph': CMAKE_PREFIX_PATH=/opt/ros/humble /usr/bin/cmake --build /home/biblbrox/Tesis/robot_controller/src/c/build/nodegraph -- -j16 -l16
[1.911s] DEBUG:colcon.colcon_core.event_handler.log_command:Invoked command in '/home/biblbrox/Tesis/robot_controller/src/c/build/nodegraph' returned '0': CMAKE_PREFIX_PATH=/opt/ros/humble /usr/bin/cmake --build /home/biblbrox/Tesis/robot_controller/src/c/build/nodegraph -- -j16 -l16
[1.935s] DEBUG:colcon.colcon_core.event_handler.log_command:Invoking command in '/home/biblbrox/Tesis/robot_controller/src/c/build/nodegraph': CMAKE_PREFIX_PATH=/opt/ros/humble /usr/bin/cmake --install /home/biblbrox/Tesis/robot_controller/src/c/build/nodegraph
[1.940s] Level 1:colcon.colcon_core.environment:create_environment_scripts_only(nodegraph)
[1.941s] DEBUG:colcon.colcon_core.event_handler.log_command:Invoked command in '/home/biblbrox/Tesis/robot_controller/src/c/build/nodegraph' returned '0': CMAKE_PREFIX_PATH=/opt/ros/humble /usr/bin/cmake --install /home/biblbrox/Tesis/robot_controller/src/c/build/nodegraph
[1.943s] Level 1:colcon.colcon_core.environment:checking '/home/biblbrox/Tesis/robot_controller/src/c/install/nodegraph' for CMake module files
[1.943s] Level 1:colcon.colcon_core.environment:checking '/home/biblbrox/Tesis/robot_controller/src/c/install/nodegraph' for CMake config files
[1.944s] Level 1:colcon.colcon_core.environment:checking '/home/biblbrox/Tesis/robot_controller/src/c/install/nodegraph/bin'
[1.944s] Level 1:colcon.colcon_core.environment:checking '/home/biblbrox/Tesis/robot_controller/src/c/install/nodegraph/lib/pkgconfig/nodegraph.pc'
[1.944s] Level 1:colcon.colcon_core.environment:checking '/home/biblbrox/Tesis/robot_controller/src/c/install/nodegraph/lib/python3.10/site-packages'
[1.944s] Level 1:colcon.colcon_core.environment:checking '/home/biblbrox/Tesis/robot_controller/src/c/install/nodegraph/bin'
[1.945s] INFO:colcon.colcon_core.shell:Creating package script '/home/biblbrox/Tesis/robot_controller/src/c/install/nodegraph/share/nodegraph/package.ps1'
[1.945s] INFO:colcon.colcon_core.shell:Creating package descriptor '/home/biblbrox/Tesis/robot_controller/src/c/install/nodegraph/share/nodegraph/package.dsv'
[1.946s] INFO:colcon.colcon_core.shell:Creating package script '/home/biblbrox/Tesis/robot_controller/src/c/install/nodegraph/share/nodegraph/package.sh'
[1.946s] INFO:colcon.colcon_core.shell:Creating package script '/home/biblbrox/Tesis/robot_controller/src/c/install/nodegraph/share/nodegraph/package.bash'
[1.947s] INFO:colcon.colcon_core.shell:Creating package script '/home/biblbrox/Tesis/robot_controller/src/c/install/nodegraph/share/nodegraph/package.zsh'
[1.947s] Level 1:colcon.colcon_core.environment:create_file_with_runtime_dependencies(/home/biblbrox/Tesis/robot_controller/src/c/install/nodegraph/share/colcon-core/packages/nodegraph)
[1.968s] Level 1:colcon.colcon_core.environment:create_environment_scripts_only(nodegraph)
[1.969s] Level 1:colcon.colcon_core.environment:checking '/home/biblbrox/Tesis/robot_controller/src/c/install/nodegraph' for CMake module files
[1.969s] Level 1:colcon.colcon_core.environment:checking '/home/biblbrox/Tesis/robot_controller/src/c/install/nodegraph' for CMake config files
[1.970s] Level 1:colcon.colcon_core.environment:checking '/home/biblbrox/Tesis/robot_controller/src/c/install/nodegraph/bin'
[1.970s] Level 1:colcon.colcon_core.environment:checking '/home/biblbrox/Tesis/robot_controller/src/c/install/nodegraph/lib/pkgconfig/nodegraph.pc'
[1.970s] Level 1:colcon.colcon_core.environment:checking '/home/biblbrox/Tesis/robot_controller/src/c/install/nodegraph/lib/python3.10/site-packages'
[1.970s] Level 1:colcon.colcon_core.environment:checking '/home/biblbrox/Tesis/robot_controller/src/c/install/nodegraph/bin'
[1.971s] INFO:colcon.colcon_core.shell:Creating package script '/home/biblbrox/Tesis/robot_controller/src/c/install/nodegraph/share/nodegraph/package.ps1'
[1.971s] INFO:colcon.colcon_core.shell:Creating package descriptor '/home/biblbrox/Tesis/robot_controller/src/c/install/nodegraph/share/nodegraph/package.dsv'
[1.971s] INFO:colcon.colcon_core.shell:Creating package script '/home/biblbrox/Tesis/robot_controller/src/c/install/nodegraph/share/nodegraph/package.sh'
[1.972s] INFO:colcon.colcon_core.shell:Creating package script '/home/biblbrox/Tesis/robot_controller/src/c/install/nodegraph/share/nodegraph/package.bash'
[1.972s] INFO:colcon.colcon_core.shell:Creating package script '/home/biblbrox/Tesis/robot_controller/src/c/install/nodegraph/share/nodegraph/package.zsh'
[1.972s] Level 1:colcon.colcon_core.environment:create_file_with_runtime_dependencies(/home/biblbrox/Tesis/robot_controller/src/c/install/nodegraph/share/colcon-core/packages/nodegraph)
[1.972s] DEBUG:colcon.colcon_parallel_executor.executor.parallel:closing loop
[1.972s] DEBUG:colcon.colcon_parallel_executor.executor.parallel:loop closed
[1.972s] DEBUG:colcon.colcon_parallel_executor.executor.parallel:run_until_complete finished with '0'
[1.972s] DEBUG:colcon.colcon_core.event_reactor:joining thread
[1.976s] INFO:colcon.colcon_core.plugin_system:Skipping extension 'colcon_notification.desktop_notification.terminal_notifier': Not used on non-Darwin systems
[1.976s] INFO:colcon.colcon_core.plugin_system:Skipping extension 'colcon_notification.desktop_notification.win32': Not used on non-Windows systems
[1.976s] INFO:colcon.colcon_notification.desktop_notification:Sending desktop notification using 'notify2'
[2.013s] DEBUG:colcon.colcon_core.event_reactor:joined thread
[2.015s] INFO:colcon.colcon_core.shell:Creating prefix script '/home/biblbrox/Tesis/robot_controller/src/c/install/local_setup.ps1'
[2.016s] INFO:colcon.colcon_core.shell:Creating prefix util module '/home/biblbrox/Tesis/robot_controller/src/c/install/_local_setup_util_ps1.py'
[2.017s] INFO:colcon.colcon_core.shell:Creating prefix chain script '/home/biblbrox/Tesis/robot_controller/src/c/install/setup.ps1'
[2.017s] INFO:colcon.colcon_core.shell:Creating prefix script '/home/biblbrox/Tesis/robot_controller/src/c/install/local_setup.sh'
[2.018s] INFO:colcon.colcon_core.shell:Creating prefix util module '/home/biblbrox/Tesis/robot_controller/src/c/install/_local_setup_util_sh.py'
[2.018s] INFO:colcon.colcon_core.shell:Creating prefix chain script '/home/biblbrox/Tesis/robot_controller/src/c/install/setup.sh'
[2.019s] INFO:colcon.colcon_core.shell:Creating prefix script '/home/biblbrox/Tesis/robot_controller/src/c/install/local_setup.bash'
[2.019s] INFO:colcon.colcon_core.shell:Creating prefix chain script '/home/biblbrox/Tesis/robot_controller/src/c/install/setup.bash'
[2.020s] INFO:colcon.colcon_core.shell:Creating prefix script '/home/biblbrox/Tesis/robot_controller/src/c/install/local_setup.zsh'
[2.020s] INFO:colcon.colcon_core.shell:Creating prefix chain script '/home/biblbrox/Tesis/robot_controller/src/c/install/setup.zsh'
