[0.278s] DEBUG:colcon:Command line arguments: ['/usr/bin/colcon', 'build']
[0.278s] DEBUG:colcon:Parsed command line arguments: Namespace(log_base=None, log_level=None, verb_name='build', build_base='build', install_base='install', merge_install=False, symlink_install=False, test_result_base=None, continue_on_error=False, executor='parallel', parallel_workers=16, event_handlers=None, ignore_user_meta=False, metas=['./colcon.meta'], base_paths=['.'], packages_ignore=None, packages_ignore_regex=None, paths=None, packages_up_to=None, packages_up_to_regex=None, packages_above=None, packages_above_and_dependencies=None, packages_above_depth=None, packages_select_by_dep=None, packages_skip_by_dep=None, packages_skip_up_to=None, packages_select_build_failed=False, packages_skip_build_finished=False, packages_select_test_failures=False, packages_skip_test_passed=False, packages_select=None, packages_skip=None, packages_select_regex=None, packages_skip_regex=None, packages_start=None, packages_end=None, allow_overriding=[], lookup_in_workspace=False, cargo_args=None, clean_build=False, cmake_args=None, cmake_target=None, cmake_target_skip_unavailable=False, cmake_clean_cache=False, cmake_clean_first=False, cmake_force_configure=False, ament_cmake_args=None, catkin_cmake_args=None, catkin_skip_building_tests=False, verb_parser=<colcon_defaults.argument_parser.defaults.DefaultArgumentsDecorator object at 0x7f47e6699270>, verb_extension=<colcon_core.verb.build.BuildVerb object at 0x7f47e67c6f50>, main=<bound method BuildVerb.main of <colcon_core.verb.build.BuildVerb object at 0x7f47e67c6f50>>)
[0.299s] Level 1:colcon.colcon_core.package_discovery:discover_packages(colcon_meta) check parameters
[0.299s] Level 1:colcon.colcon_core.package_discovery:discover_packages(recursive) check parameters
[0.299s] Level 1:colcon.colcon_core.package_discovery:discover_packages(ignore) check parameters
[0.300s] Level 1:colcon.colcon_core.package_discovery:discover_packages(path) check parameters
[0.300s] Level 1:colcon.colcon_core.package_discovery:discover_packages(colcon_meta) discover
[0.300s] Level 1:colcon.colcon_core.package_discovery:discover_packages(recursive) discover
[0.300s] INFO:colcon.colcon_core.package_discovery:Crawling recursively for packages in '/home/biblbrox/Tesis/robot_controller/src/c'
[0.300s] Level 1:colcon.colcon_core.package_identification:_identify(.) by extensions ['ignore', 'ignore_ament_install']
[0.300s] Level 1:colcon.colcon_core.package_identification:_identify(.) by extension 'ignore'
[0.300s] Level 1:colcon.colcon_core.package_identification:_identify(.) by extension 'ignore_ament_install'
[0.300s] Level 1:colcon.colcon_core.package_identification:_identify(.) by extensions ['colcon_pkg']
[0.300s] Level 1:colcon.colcon_core.package_identification:_identify(.) by extension 'colcon_pkg'
[0.300s] Level 1:colcon.colcon_core.package_identification:_identify(.) by extensions ['colcon_meta']
[0.300s] Level 1:colcon.colcon_core.package_identification:_identify(.) by extension 'colcon_meta'
[0.300s] Level 1:colcon.colcon_core.package_identification:_identify(.) by extensions ['ament_cargo']
[0.300s] Level 1:colcon.colcon_core.package_identification:_identify(.) by extension 'ament_cargo'
[0.300s] Level 1:colcon.colcon_core.package_identification:_identify(.) by extensions ['ros']
[0.300s] Level 1:colcon.colcon_core.package_identification:_identify(.) by extension 'ros'
[0.311s] DEBUG:colcon.colcon_core.package_identification:Package '.' with type 'ros.ament_cmake' and name 'nodegraph'
[0.311s] Level 1:colcon.colcon_core.package_discovery:discover_packages(recursive) using defaults
[0.311s] Level 1:colcon.colcon_core.package_discovery:discover_packages(ignore) discover
[0.311s] Level 1:colcon.colcon_core.package_discovery:discover_packages(ignore) using defaults
[0.311s] Level 1:colcon.colcon_core.package_discovery:discover_packages(path) discover
[0.311s] Level 1:colcon.colcon_core.package_discovery:discover_packages(path) using defaults
[0.327s] Level 1:colcon.colcon_core.package_discovery:discover_packages(prefix_path) check parameters
[0.327s] Level 1:colcon.colcon_core.package_discovery:discover_packages(prefix_path) discover
[0.329s] DEBUG:colcon.colcon_installed_package_information.package_discovery:Found 350 installed packages in /opt/ros/humble
[0.330s] Level 1:colcon.colcon_core.package_discovery:discover_packages(prefix_path) using defaults
[0.384s] Level 5:colcon.colcon_core.verb:set package 'nodegraph' build argument 'lookup_in_workspace' from command line to 'False'
[0.384s] Level 5:colcon.colcon_core.verb:set package 'nodegraph' build argument 'cargo_args' from command line to 'None'
[0.384s] Level 5:colcon.colcon_core.verb:set package 'nodegraph' build argument 'clean_build' from command line to 'False'
[0.384s] Level 5:colcon.colcon_core.verb:set package 'nodegraph' build argument 'cmake_args' from command line to 'None'
[0.384s] Level 5:colcon.colcon_core.verb:set package 'nodegraph' build argument 'cmake_target' from command line to 'None'
[0.384s] Level 5:colcon.colcon_core.verb:set package 'nodegraph' build argument 'cmake_target_skip_unavailable' from command line to 'False'
[0.384s] Level 5:colcon.colcon_core.verb:set package 'nodegraph' build argument 'cmake_clean_cache' from command line to 'False'
[0.384s] Level 5:colcon.colcon_core.verb:set package 'nodegraph' build argument 'cmake_clean_first' from command line to 'False'
[0.384s] Level 5:colcon.colcon_core.verb:set package 'nodegraph' build argument 'cmake_force_configure' from command line to 'False'
[0.384s] Level 5:colcon.colcon_core.verb:set package 'nodegraph' build argument 'ament_cmake_args' from command line to 'None'
[0.384s] Level 5:colcon.colcon_core.verb:set package 'nodegraph' build argument 'catkin_cmake_args' from command line to 'None'
[0.384s] Level 5:colcon.colcon_core.verb:set package 'nodegraph' build argument 'catkin_skip_building_tests' from command line to 'False'
[0.384s] DEBUG:colcon.colcon_core.verb:Building package 'nodegraph' with the following arguments: {'ament_cmake_args': None, 'build_base': '/home/biblbrox/Tesis/robot_controller/src/c/build/nodegraph', 'cargo_args': None, 'catkin_cmake_args': None, 'catkin_skip_building_tests': False, 'clean_build': False, 'cmake_args': None, 'cmake_clean_cache': False, 'cmake_clean_first': False, 'cmake_force_configure': False, 'cmake_target': None, 'cmake_target_skip_unavailable': False, 'install_base': '/home/biblbrox/Tesis/robot_controller/src/c/install/nodegraph', 'lookup_in_workspace': False, 'merge_install': False, 'path': '/home/biblbrox/Tesis/robot_controller/src/c', 'symlink_install': False, 'test_result_base': None}
[0.385s] INFO:colcon.colcon_core.executor:Executing jobs using 'parallel' executor
[0.387s] DEBUG:colcon.colcon_parallel_executor.executor.parallel:run_until_complete
[0.387s] INFO:colcon.colcon_ros.task.ament_cmake.build:Building ROS package in '/home/biblbrox/Tesis/robot_controller/src/c' with build type 'ament_cmake'
[0.388s] INFO:colcon.colcon_cmake.task.cmake.build:Building CMake package in '/home/biblbrox/Tesis/robot_controller/src/c'
[0.390s] INFO:colcon.colcon_core.plugin_system:Skipping extension 'colcon_core.shell.bat': Not used on non-Windows systems
[0.390s] INFO:colcon.colcon_core.shell:Skip shell extension 'powershell' for command environment: Not usable outside of PowerShell
[0.390s] DEBUG:colcon.colcon_core.shell:Skip shell extension 'dsv' for command environment
[0.398s] DEBUG:colcon.colcon_core.event_handler.log_command:Invoking command in '/home/biblbrox/Tesis/robot_controller/src/c/build/nodegraph': CMAKE_PREFIX_PATH=/opt/ros/humble /usr/bin/cmake --build /home/biblbrox/Tesis/robot_controller/src/c/build/nodegraph -- -j16 -l16
[3.392s] DEBUG:colcon.colcon_core.event_handler.log_command:Invoked command in '/home/biblbrox/Tesis/robot_controller/src/c/build/nodegraph' returned '0': CMAKE_PREFIX_PATH=/opt/ros/humble /usr/bin/cmake --build /home/biblbrox/Tesis/robot_controller/src/c/build/nodegraph -- -j16 -l16
[3.418s] DEBUG:colcon.colcon_core.event_handler.log_command:Invoking command in '/home/biblbrox/Tesis/robot_controller/src/c/build/nodegraph': CMAKE_PREFIX_PATH=/opt/ros/humble /usr/bin/cmake --install /home/biblbrox/Tesis/robot_controller/src/c/build/nodegraph
[3.424s] Level 1:colcon.colcon_core.environment:create_environment_scripts_only(nodegraph)
[3.425s] DEBUG:colcon.colcon_core.event_handler.log_command:Invoked command in '/home/biblbrox/Tesis/robot_controller/src/c/build/nodegraph' returned '0': CMAKE_PREFIX_PATH=/opt/ros/humble /usr/bin/cmake --install /home/biblbrox/Tesis/robot_controller/src/c/build/nodegraph
[3.428s] Level 1:colcon.colcon_core.environment:checking '/home/biblbrox/Tesis/robot_controller/src/c/install/nodegraph' for CMake module files
[3.428s] Level 1:colcon.colcon_core.environment:checking '/home/biblbrox/Tesis/robot_controller/src/c/install/nodegraph' for CMake config files
[3.428s] Level 1:colcon.colcon_core.environment:checking '/home/biblbrox/Tesis/robot_controller/src/c/install/nodegraph/bin'
[3.428s] Level 1:colcon.colcon_core.environment:checking '/home/biblbrox/Tesis/robot_controller/src/c/install/nodegraph/lib/pkgconfig/nodegraph.pc'
[3.429s] Level 1:colcon.colcon_core.environment:checking '/home/biblbrox/Tesis/robot_controller/src/c/install/nodegraph/lib/python3.10/site-packages'
[3.429s] Level 1:colcon.colcon_core.environment:checking '/home/biblbrox/Tesis/robot_controller/src/c/install/nodegraph/bin'
[3.430s] INFO:colcon.colcon_core.shell:Creating package script '/home/biblbrox/Tesis/robot_controller/src/c/install/nodegraph/share/nodegraph/package.ps1'
[3.430s] INFO:colcon.colcon_core.shell:Creating package descriptor '/home/biblbrox/Tesis/robot_controller/src/c/install/nodegraph/share/nodegraph/package.dsv'
[3.430s] INFO:colcon.colcon_core.shell:Creating package script '/home/biblbrox/Tesis/robot_controller/src/c/install/nodegraph/share/nodegraph/package.sh'
[3.431s] INFO:colcon.colcon_core.shell:Creating package script '/home/biblbrox/Tesis/robot_controller/src/c/install/nodegraph/share/nodegraph/package.bash'
[3.431s] INFO:colcon.colcon_core.shell:Creating package script '/home/biblbrox/Tesis/robot_controller/src/c/install/nodegraph/share/nodegraph/package.zsh'
[3.432s] Level 1:colcon.colcon_core.environment:create_file_with_runtime_dependencies(/home/biblbrox/Tesis/robot_controller/src/c/install/nodegraph/share/colcon-core/packages/nodegraph)
[3.455s] Level 1:colcon.colcon_core.environment:create_environment_scripts_only(nodegraph)
[3.456s] Level 1:colcon.colcon_core.environment:checking '/home/biblbrox/Tesis/robot_controller/src/c/install/nodegraph' for CMake module files
[3.457s] Level 1:colcon.colcon_core.environment:checking '/home/biblbrox/Tesis/robot_controller/src/c/install/nodegraph' for CMake config files
[3.457s] Level 1:colcon.colcon_core.environment:checking '/home/biblbrox/Tesis/robot_controller/src/c/install/nodegraph/bin'
[3.457s] Level 1:colcon.colcon_core.environment:checking '/home/biblbrox/Tesis/robot_controller/src/c/install/nodegraph/lib/pkgconfig/nodegraph.pc'
[3.457s] Level 1:colcon.colcon_core.environment:checking '/home/biblbrox/Tesis/robot_controller/src/c/install/nodegraph/lib/python3.10/site-packages'
[3.457s] Level 1:colcon.colcon_core.environment:checking '/home/biblbrox/Tesis/robot_controller/src/c/install/nodegraph/bin'
[3.458s] INFO:colcon.colcon_core.shell:Creating package script '/home/biblbrox/Tesis/robot_controller/src/c/install/nodegraph/share/nodegraph/package.ps1'
[3.458s] INFO:colcon.colcon_core.shell:Creating package descriptor '/home/biblbrox/Tesis/robot_controller/src/c/install/nodegraph/share/nodegraph/package.dsv'
[3.458s] INFO:colcon.colcon_core.shell:Creating package script '/home/biblbrox/Tesis/robot_controller/src/c/install/nodegraph/share/nodegraph/package.sh'
[3.459s] INFO:colcon.colcon_core.shell:Creating package script '/home/biblbrox/Tesis/robot_controller/src/c/install/nodegraph/share/nodegraph/package.bash'
[3.459s] INFO:colcon.colcon_core.shell:Creating package script '/home/biblbrox/Tesis/robot_controller/src/c/install/nodegraph/share/nodegraph/package.zsh'
[3.459s] Level 1:colcon.colcon_core.environment:create_file_with_runtime_dependencies(/home/biblbrox/Tesis/robot_controller/src/c/install/nodegraph/share/colcon-core/packages/nodegraph)
[3.459s] DEBUG:colcon.colcon_parallel_executor.executor.parallel:closing loop
[3.460s] DEBUG:colcon.colcon_parallel_executor.executor.parallel:loop closed
[3.460s] DEBUG:colcon.colcon_parallel_executor.executor.parallel:run_until_complete finished with '0'
[3.460s] DEBUG:colcon.colcon_core.event_reactor:joining thread
[3.463s] INFO:colcon.colcon_core.plugin_system:Skipping extension 'colcon_notification.desktop_notification.terminal_notifier': Not used on non-Darwin systems
[3.463s] INFO:colcon.colcon_core.plugin_system:Skipping extension 'colcon_notification.desktop_notification.win32': Not used on non-Windows systems
[3.463s] INFO:colcon.colcon_notification.desktop_notification:Sending desktop notification using 'notify2'
[3.473s] DEBUG:colcon.colcon_core.event_reactor:joined thread
[3.475s] INFO:colcon.colcon_core.shell:Creating prefix script '/home/biblbrox/Tesis/robot_controller/src/c/install/local_setup.ps1'
[3.475s] INFO:colcon.colcon_core.shell:Creating prefix util module '/home/biblbrox/Tesis/robot_controller/src/c/install/_local_setup_util_ps1.py'
[3.476s] INFO:colcon.colcon_core.shell:Creating prefix chain script '/home/biblbrox/Tesis/robot_controller/src/c/install/setup.ps1'
[3.477s] INFO:colcon.colcon_core.shell:Creating prefix script '/home/biblbrox/Tesis/robot_controller/src/c/install/local_setup.sh'
[3.477s] INFO:colcon.colcon_core.shell:Creating prefix util module '/home/biblbrox/Tesis/robot_controller/src/c/install/_local_setup_util_sh.py'
[3.478s] INFO:colcon.colcon_core.shell:Creating prefix chain script '/home/biblbrox/Tesis/robot_controller/src/c/install/setup.sh'
[3.479s] INFO:colcon.colcon_core.shell:Creating prefix script '/home/biblbrox/Tesis/robot_controller/src/c/install/local_setup.bash'
[3.479s] INFO:colcon.colcon_core.shell:Creating prefix chain script '/home/biblbrox/Tesis/robot_controller/src/c/install/setup.bash'
[3.480s] INFO:colcon.colcon_core.shell:Creating prefix script '/home/biblbrox/Tesis/robot_controller/src/c/install/local_setup.zsh'
[3.480s] INFO:colcon.colcon_core.shell:Creating prefix chain script '/home/biblbrox/Tesis/robot_controller/src/c/install/setup.zsh'
