[0.051s] Invoking command in '/home/biblbrox/Tesis/robot_controller/src/c/build/nodegraph': CMAKE_PREFIX_PATH=/opt/ros/humble /usr/bin/cmake --build /home/biblbrox/Tesis/robot_controller/src/c/build/nodegraph -- -j16 -l16
[0.060s] /usr/bin/cmake -S/home/biblbrox/Tesis/robot_controller/src/c -B/home/biblbrox/Tesis/robot_controller/src/c/build/nodegraph --check-build-system CMakeFiles/Makefile.cmake 0
[0.069s] /usr/bin/cmake -E cmake_progress_start /home/biblbrox/Tesis/robot_controller/src/c/build/nodegraph/CMakeFiles /home/biblbrox/Tesis/robot_controller/src/c/build/nodegraph//CMakeFiles/progress.marks
[0.074s] /usr/bin/gmake  -f CMakeFiles/Makefile2 all
[0.074s] gmake[1]: Entering directory '/home/biblbrox/Tesis/robot_controller/src/c/build/nodegraph'
[0.075s] /usr/bin/gmake  -f CMakeFiles/nodegraph.dir/build.make CMakeFiles/nodegraph.dir/depend
[0.077s] gmake[2]: Entering directory '/home/biblbrox/Tesis/robot_controller/src/c/build/nodegraph'
[0.077s] cd /home/biblbrox/Tesis/robot_controller/src/c/build/nodegraph && /usr/bin/cmake -E cmake_depends "Unix Makefiles" /home/biblbrox/Tesis/robot_controller/src/c /home/biblbrox/Tesis/robot_controller/src/c /home/biblbrox/Tesis/robot_controller/src/c/build/nodegraph /home/biblbrox/Tesis/robot_controller/src/c/build/nodegraph /home/biblbrox/Tesis/robot_controller/src/c/build/nodegraph/CMakeFiles/nodegraph.dir/DependInfo.cmake "--color="
[0.083s] gmake[2]: Leaving directory '/home/biblbrox/Tesis/robot_controller/src/c/build/nodegraph'
[0.083s] /usr/bin/gmake  -f CMakeFiles/nodegraph.dir/build.make CMakeFiles/nodegraph.dir/build
[0.087s] gmake[2]: Entering directory '/home/biblbrox/Tesis/robot_controller/src/c/build/nodegraph'
[0.092s] [ 20%] [32mBuilding CXX object CMakeFiles/nodegraph.dir/src/discovery_domain_listener.cpp.o[0m
[0.093s] /usr/bin/c++ -DDEFAULT_RMW_IMPLEMENTATION=rmw_fastrtps_cpp -DFOONATHAN_MEMORY=1 -DFOONATHAN_MEMORY_VERSION_MAJOR=0 -DFOONATHAN_MEMORY_VERSION_MINOR=7 -DFOONATHAN_MEMORY_VERSION_PATCH=1 -DRCUTILS_ENABLE_FAULT_INJECTION -Dnodegraph_EXPORTS -I/opt/ros/humble/include -isystem /opt/ros/humble/include/fastrtps -isystem /opt/ros/humble/include/rclcpp -isystem /opt/ros/humble/include/sensor_msgs -isystem /opt/ros/humble/include/fastcdr -isystem /opt/ros/humble/include/foonathan_memory -isystem /opt/ros/humble/include/ament_index_cpp -isystem /opt/ros/humble/include/libstatistics_collector -isystem /opt/ros/humble/include/builtin_interfaces -isystem /opt/ros/humble/include/rosidl_runtime_c -isystem /opt/ros/humble/include/rcutils -isystem /opt/ros/humble/include/rosidl_typesupport_interface -isystem /opt/ros/humble/include/rosidl_runtime_cpp -isystem /opt/ros/humble/include/rosidl_typesupport_fastrtps_cpp -isystem /opt/ros/humble/include/rmw -isystem /opt/ros/humble/include/rosidl_typesupport_fastrtps_c -isystem /opt/ros/humble/include/rosidl_typesupport_introspection_c -isystem /opt/ros/humble/include/rosidl_typesupport_introspection_cpp -isystem /opt/ros/humble/include/rcl -isystem /opt/ros/humble/include/rcl_interfaces -isystem /opt/ros/humble/include/rcl_logging_interface -isystem /opt/ros/humble/include/rcl_yaml_param_parser -isystem /opt/ros/humble/include/libyaml_vendor -isystem /opt/ros/humble/include/tracetools -isystem /opt/ros/humble/include/rcpputils -isystem /opt/ros/humble/include/statistics_msgs -isystem /opt/ros/humble/include/rosgraph_msgs -isystem /opt/ros/humble/include/rosidl_typesupport_cpp -isystem /opt/ros/humble/include/rosidl_typesupport_c -isystem /opt/ros/humble/include/geometry_msgs -isystem /opt/ros/humble/include/std_msgs -O3 -DNDEBUG -std=gnu++17 -fPIC -Wall -Wextra -Wpedantic -MD -MT CMakeFiles/nodegraph.dir/src/discovery_domain_listener.cpp.o -MF CMakeFiles/nodegraph.dir/src/discovery_domain_listener.cpp.o.d -o CMakeFiles/nodegraph.dir/src/discovery_domain_listener.cpp.o -c /home/biblbrox/Tesis/robot_controller/src/c/src/discovery_domain_listener.cpp
[0.958s] [01m[K/home/biblbrox/Tesis/robot_controller/src/c/src/discovery_domain_listener.cpp:[m[K In lambda function:
[0.959s] [01m[K/home/biblbrox/Tesis/robot_controller/src/c/src/discovery_domain_listener.cpp:52:56:[m[K [01;31m[Kerror: [m[K‘[01m[Kconst class eprosima::fastrtps::rtps::ReaderProxyData[m[K’ has no member named ‘[01m[Kpersistence_guid[m[K’
[0.959s]    52 |         std::memcpy(reader_data.guid_prefix, info.info.[01;31m[Kpersistence_guid[m[K().guidPrefix.value,
[0.959s]       |                                                        [01;31m[K^~~~~~~~~~~~~~~~[m[K
[1.353s] gmake[2]: *** [CMakeFiles/nodegraph.dir/build.make:79: CMakeFiles/nodegraph.dir/src/discovery_domain_listener.cpp.o] Error 1
[1.353s] gmake[1]: *** [CMakeFiles/Makefile2:140: CMakeFiles/nodegraph.dir/all] Error 2
[1.353s] gmake: *** [Makefile:149: all] Error 2
[1.354s] gmake[2]: Leaving directory '/home/biblbrox/Tesis/robot_controller/src/c/build/nodegraph'
[1.354s] gmake[1]: Leaving directory '/home/biblbrox/Tesis/robot_controller/src/c/build/nodegraph'
[1.356s] Invoked command in '/home/biblbrox/Tesis/robot_controller/src/c/build/nodegraph' returned '2': CMAKE_PREFIX_PATH=/opt/ros/humble /usr/bin/cmake --build /home/biblbrox/Tesis/robot_controller/src/c/build/nodegraph -- -j16 -l16
